e:\github\machinelearning5\machinelearning5\debug\machinelearning5.pch
e:\github\machinelearning5\machinelearning5\debug\vc142.pdb
e:\github\machinelearning5\machinelearning5\debug\vc142.idb
e:\github\machinelearning5\machinelearning5\debug\globaldef.obj
e:\github\machinelearning5\machinelearning5\debug\neuron.obj
e:\github\machinelearning5\machinelearning5\debug\neuralnetwork.obj
e:\github\machinelearning5\machinelearning5\debug\main.obj
e:\github\machinelearning5\machinelearning5\debug\connection.obj
e:\github\machinelearning5\machinelearning5\debug\machinelearning5.pdb
e:\github\machinelearning5\machinelearning5\debug\machinelearning5.tlog\cl.command.1.tlog
e:\github\machinelearning5\machinelearning5\debug\machinelearning5.tlog\cl.read.1.tlog
e:\github\machinelearning5\machinelearning5\debug\machinelearning5.tlog\cl.write.1.tlog
e:\github\machinelearning5\machinelearning5\debug\machinelearning5.tlog\link.4472-cvtres.read.1.tlog
e:\github\machinelearning5\machinelearning5\debug\machinelearning5.tlog\link.4472-cvtres.write.1.tlog
e:\github\machinelearning5\machinelearning5\debug\machinelearning5.tlog\link.4472-rc.read.1.tlog
e:\github\machinelearning5\machinelearning5\debug\machinelearning5.tlog\link.4472-rc.write.1.tlog
e:\github\machinelearning5\machinelearning5\debug\machinelearning5.tlog\link.4472.read.1.tlog
e:\github\machinelearning5\machinelearning5\debug\machinelearning5.tlog\link.4472.write.1.tlog
e:\github\machinelearning5\machinelearning5\debug\machinelearning5.tlog\link.command.1.tlog
e:\github\machinelearning5\machinelearning5\debug\machinelearning5.tlog\link.read.1.tlog
e:\github\machinelearning5\machinelearning5\debug\machinelearning5.tlog\link.write.1.tlog
